== ruff check ==
All checks passed!
== ruff format --check ==
70 files already formatted
== pyright ==
/tmp/workspace/timmybx/canary/canary/scoring/ml.py
  /tmp/workspace/timmybx/canary/canary/scoring/ml.py:364:12 - error: Import "pandas" could not be resolved (reportMissingImports)
  /tmp/workspace/timmybx/canary/canary/scoring/ml.py:462:12 - error: Import "pandas" could not be resolved (reportMissingImports)
/tmp/workspace/timmybx/canary/canary/train/baseline.py
  /tmp/workspace/timmybx/canary/canary/train/baseline.py:10:8 - error: Import "pandas" could not be resolved (reportMissingImports)
  /tmp/workspace/timmybx/canary/canary/train/baseline.py:11:6 - error: Import "sklearn.compose" could not be resolved (reportMissingImports)
  /tmp/workspace/timmybx/canary/canary/train/baseline.py:12:6 - error: Import "sklearn.impute" could not be resolved (reportMissingImports)
  /tmp/workspace/timmybx/canary/canary/train/baseline.py:13:6 - error: Import "sklearn.metrics" could not be resolved (reportMissingImports)
  /tmp/workspace/timmybx/canary/canary/train/baseline.py:20:6 - error: Import "sklearn.pipeline" could not be resolved (reportMissingImports)
/tmp/workspace/timmybx/canary/canary/train/feature_selection.py
  /tmp/workspace/timmybx/canary/canary/train/feature_selection.py:255:10 - error: Import "sklearn.base" could not be resolved (reportMissingImports)
  /tmp/workspace/timmybx/canary/canary/train/feature_selection.py:319:10 - error: Import "sklearn.base" could not be resolved (reportMissingImports)
/tmp/workspace/timmybx/canary/canary/train/registry.py
  /tmp/workspace/timmybx/canary/canary/train/registry.py:20:6 - error: Import "sklearn.ensemble" could not be resolved (reportMissingImports)
  /tmp/workspace/timmybx/canary/canary/train/registry.py:21:6 - error: Import "sklearn.linear_model" could not be resolved (reportMissingImports)
  /tmp/workspace/timmybx/canary/canary/train/registry.py:22:6 - error: Import "sklearn.pipeline" could not be resolved (reportMissingImports)
  /tmp/workspace/timmybx/canary/canary/train/registry.py:23:6 - error: Import "sklearn.preprocessing" could not be resolved (reportMissingImports)
/tmp/workspace/timmybx/canary/tests/test_scoring_ml.py
  /tmp/workspace/timmybx/canary/tests/test_scoring_ml.py:10:8 - error: Import "numpy" could not be resolved (reportMissingImports)
  /tmp/workspace/timmybx/canary/tests/test_scoring_ml.py:185:12 - error: Import "joblib" could not be resolved (reportMissingImports)
  /tmp/workspace/timmybx/canary/tests/test_scoring_ml.py:186:10 - error: Import "sklearn.linear_model" could not be resolved (reportMissingImports)
  /tmp/workspace/timmybx/canary/tests/test_scoring_ml.py:196:12 - error: Import "joblib" could not be resolved (reportMissingImports)
  /tmp/workspace/timmybx/canary/tests/test_scoring_ml.py:197:10 - error: Import "sklearn.linear_model" could not be resolved (reportMissingImports)
  /tmp/workspace/timmybx/canary/tests/test_scoring_ml.py:216:12 - error: Import "joblib" could not be resolved (reportMissingImports)
  /tmp/workspace/timmybx/canary/tests/test_scoring_ml.py:217:10 - error: Import "sklearn.linear_model" could not be resolved (reportMissingImports)
/tmp/workspace/timmybx/canary/tests/test_train_baseline.py
  /tmp/workspace/timmybx/canary/tests/test_train_baseline.py:210:12 - error: Import "pandas" could not be resolved (reportMissingImports)
  /tmp/workspace/timmybx/canary/tests/test_train_baseline.py:224:12 - error: Import "pandas" could not be resolved (reportMissingImports)
22 errors, 0 warnings, 0 informations
== bandit ==
== pip-audit wrapper ==
Found 21 known vulnerabilities in 7 packages
Name         Version ID                  Fix Versions
------------ ------- ------------------- ------------
configobj    5.0.8   CVE-2023-26112      5.0.9
cryptography 41.0.7  PYSEC-2024-225      42.0.4
cryptography 41.0.7  PYSEC-2024-225      42.0.4
cryptography 41.0.7  PYSEC-2026-35       46.0.6
cryptography 41.0.7  CVE-2023-50782      42.0.0
cryptography 41.0.7  CVE-2024-0727       42.0.2
cryptography 41.0.7  GHSA-h4gh-qq45-vh27 43.0.1
cryptography 41.0.7  CVE-2026-26007      46.0.5
jinja2       3.1.2   CVE-2024-22195      3.1.3
jinja2       3.1.2   CVE-2024-34064      3.1.4
jinja2       3.1.2   CVE-2024-56326      3.1.5
jinja2       3.1.2   CVE-2024-56201      3.1.5
jinja2       3.1.2   CVE-2025-27516      3.1.6
pyasn1       0.4.8   CVE-2026-30922      0.6.3
pyjwt        2.7.0   PYSEC-2026-120      2.12.0
pyjwt        2.7.0   PYSEC-2025-183
pyopenssl    23.2.0  CVE-2026-27448      26.0.0
pyopenssl    23.2.0  CVE-2026-27459      26.0.0
twisted      24.3.0  PYSEC-2024-75       24.7.0rc1
twisted      24.3.0  PYSEC-2026-160      26.4.0
twisted      24.3.0  CVE-2024-41671      24.7.0rc1
Name              Skip Reason
----------------- -------------------------------------------------------------------------------------
bcc               Dependency not found on PyPI and could not be audited: bcc (0.29.1)
cloud-init        Dependency not found on PyPI and could not be audited: cloud-init (25.3)
command-not-found Dependency not found on PyPI and could not be audited: command-not-found (0.3)
distro-info       Dependency not found on PyPI and could not be audited: distro-info (1.7+build1)
python-apt        Dependency not found on PyPI and could not be audited: python-apt (2.7.7+ubuntu5.2)
python-debian     Dependency not found on PyPI and could not be audited: python-debian (0.1.49+ubuntu2)
sos               Dependency not found on PyPI and could not be audited: sos (4.10.2)
ubuntu-pro-client Dependency not found on PyPI and could not be audited: ubuntu-pro-client (8001)
ufw               Dependency not found on PyPI and could not be audited: ufw (0.36.2)
walinuxagent      Dependency not found on PyPI and could not be audited: walinuxagent (2.11.1.4)
== pytest ==
============================= test session starts ==============================
platform linux -- Python 3.12.3, pytest-9.0.3, pluggy-1.6.0
rootdir: /tmp/workspace/timmybx/canary
configfile: pyproject.toml
testpaths: tests
plugins: cov-7.1.0
collected 739 items / 6 errors

==================================== ERRORS ====================================
__________________ ERROR collecting tests/test_cli_helpers.py __________________
ImportError while importing test module '/tmp/workspace/timmybx/canary/tests/test_cli_helpers.py'.
Hint: make sure your test modules/packages have valid Python names.
Traceback:
/usr/lib/python3.12/importlib/__init__.py:90: in import_module
    return _bootstrap._gcd_import(name[level:], package, level)
           ^^^^^^^^^^^^^^^^^^^^^^^^^^^^^^^^^^^^^^^^^^^^^^^^^^^^
tests/test_cli_helpers.py:11: in <module>
    from canary.cli import (
canary/cli.py:24: in <module>
    from canary.collectors.software_heritage_backend import (
canary/collectors/software_heritage_backend.py:6: in <module>
    from canary.collectors.software_heritage_athena import (
canary/collectors/software_heritage_athena.py:12: in <module>
    from dotenv import load_dotenv  # pyright: ignore[reportMissingImports]
    ^^^^^^^^^^^^^^^^^^^^^^^^^^^^^^
E   ModuleNotFoundError: No module named 'dotenv'
__________________ ERROR collecting tests/test_scoring_ml.py ___________________
ImportError while importing test module '/tmp/workspace/timmybx/canary/tests/test_scoring_ml.py'.
Hint: make sure your test modules/packages have valid Python names.
Traceback:
/usr/lib/python3.12/importlib/__init__.py:90: in import_module
    return _bootstrap._gcd_import(name[level:], package, level)
           ^^^^^^^^^^^^^^^^^^^^^^^^^^^^^^^^^^^^^^^^^^^^^^^^^^^^
tests/test_scoring_ml.py:10: in <module>
    import numpy as np
E   ModuleNotFoundError: No module named 'numpy'
___________ ERROR collecting tests/test_software_heritage_athena.py ____________
ImportError while importing test module '/tmp/workspace/timmybx/canary/tests/test_software_heritage_athena.py'.
Hint: make sure your test modules/packages have valid Python names.
Traceback:
/usr/lib/python3.12/importlib/__init__.py:90: in import_module
    return _bootstrap._gcd_import(name[level:], package, level)
           ^^^^^^^^^^^^^^^^^^^^^^^^^^^^^^^^^^^^^^^^^^^^^^^^^^^^
tests/test_software_heritage_athena.py:11: in <module>
    from canary.collectors.software_heritage_athena import (
canary/collectors/software_heritage_athena.py:12: in <module>
    from dotenv import load_dotenv  # pyright: ignore[reportMissingImports]
    ^^^^^^^^^^^^^^^^^^^^^^^^^^^^^^
E   ModuleNotFoundError: No module named 'dotenv'
___________ ERROR collecting tests/test_software_heritage_backend.py ___________
ImportError while importing test module '/tmp/workspace/timmybx/canary/tests/test_software_heritage_backend.py'.
Hint: make sure your test modules/packages have valid Python names.
Traceback:
/usr/lib/python3.12/importlib/__init__.py:90: in import_module
    return _bootstrap._gcd_import(name[level:], package, level)
           ^^^^^^^^^^^^^^^^^^^^^^^^^^^^^^^^^^^^^^^^^^^^^^^^^^^^
tests/test_software_heritage_backend.py:7: in <module>
    from canary.collectors.software_heritage_backend import (
canary/collectors/software_heritage_backend.py:6: in <module>
    from canary.collectors.software_heritage_athena import (
canary/collectors/software_heritage_athena.py:12: in <module>
    from dotenv import load_dotenv  # pyright: ignore[reportMissingImports]
    ^^^^^^^^^^^^^^^^^^^^^^^^^^^^^^
E   ModuleNotFoundError: No module named 'dotenv'
________________ ERROR collecting tests/test_train_baseline.py _________________
ImportError while importing test module '/tmp/workspace/timmybx/canary/tests/test_train_baseline.py'.
Hint: make sure your test modules/packages have valid Python names.
Traceback:
/usr/lib/python3.12/importlib/__init__.py:90: in import_module
    return _bootstrap._gcd_import(name[level:], package, level)
           ^^^^^^^^^^^^^^^^^^^^^^^^^^^^^^^^^^^^^^^^^^^^^^^^^^^^
tests/test_train_baseline.py:10: in <module>
    from canary.train.baseline import (
canary/train/baseline.py:8: in <module>
    import joblib  # pyright: ignore[reportMissingImports]
    ^^^^^^^^^^^^^
E   ModuleNotFoundError: No module named 'joblib'
________________ ERROR collecting tests/test_train_registry.py _________________
ImportError while importing test module '/tmp/workspace/timmybx/canary/tests/test_train_registry.py'.
Hint: make sure your test modules/packages have valid Python names.
Traceback:
/usr/lib/python3.12/importlib/__init__.py:90: in import_module
    return _bootstrap._gcd_import(name[level:], package, level)
           ^^^^^^^^^^^^^^^^^^^^^^^^^^^^^^^^^^^^^^^^^^^^^^^^^^^^
tests/test_train_registry.py:7: in <module>
    from canary.train.registry import AVAILABLE_MODELS, MODEL_REGISTRY, get_model
canary/train/registry.py:20: in <module>
    from sklearn.ensemble import RandomForestClassifier
E   ModuleNotFoundError: No module named 'sklearn'
=========================== short test summary info ============================
ERROR tests/test_cli_helpers.py
ERROR tests/test_scoring_ml.py
ERROR tests/test_software_heritage_athena.py
ERROR tests/test_software_heritage_backend.py
ERROR tests/test_train_baseline.py
ERROR tests/test_train_registry.py
!!!!!!!!!!!!!!!!!!! Interrupted: 6 errors during collection !!!!!!!!!!!!!!!!!!!!
============================== 6 errors in 3.67s ===============================
== python -m build ==
* Creating isolated environment: venv+pip...
* Installing packages in isolated environment:
  - setuptools>=69
  - wheel
* Getting build dependencies for sdist...
running egg_info
writing canary.egg-info/PKG-INFO
writing dependency_links to canary.egg-info/dependency_links.txt
writing entry points to canary.egg-info/entry_points.txt
writing requirements to canary.egg-info/requires.txt
writing top-level names to canary.egg-info/top_level.txt
reading manifest file 'canary.egg-info/SOURCES.txt'
adding license file 'LICENSE'
adding license file 'NOTICE'
writing manifest file 'canary.egg-info/SOURCES.txt'
* Building sdist...
running sdist
running egg_info
writing canary.egg-info/PKG-INFO
writing dependency_links to canary.egg-info/dependency_links.txt
writing entry points to canary.egg-info/entry_points.txt
writing requirements to canary.egg-info/requires.txt
writing top-level names to canary.egg-info/top_level.txt
reading manifest file 'canary.egg-info/SOURCES.txt'
adding license file 'LICENSE'
adding license file 'NOTICE'
writing manifest file 'canary.egg-info/SOURCES.txt'
running check
creating canary-0.1.9
creating canary-0.1.9/canary
creating canary-0.1.9/canary.egg-info
creating canary-0.1.9/canary/build
creating canary-0.1.9/canary/collectors
creating canary-0.1.9/canary/devtools
creating canary-0.1.9/canary/scoring
creating canary-0.1.9/canary/train
creating canary-0.1.9/tests
copying files to canary-0.1.9...
copying LICENSE -> canary-0.1.9
copying NOTICE -> canary-0.1.9
copying README.md -> canary-0.1.9
copying pyproject.toml -> canary-0.1.9
copying canary/__init__.py -> canary-0.1.9/canary
copying canary/cli.py -> canary-0.1.9/canary
copying canary/plugin_aliases.py -> canary-0.1.9/canary
copying canary/webapp.py -> canary-0.1.9/canary
copying canary.egg-info/PKG-INFO -> canary-0.1.9/canary.egg-info
copying canary.egg-info/SOURCES.txt -> canary-0.1.9/canary.egg-info
copying canary.egg-info/dependency_links.txt -> canary-0.1.9/canary.egg-info
copying canary.egg-info/entry_points.txt -> canary-0.1.9/canary.egg-info
copying canary.egg-info/requires.txt -> canary-0.1.9/canary.egg-info
copying canary.egg-info/top_level.txt -> canary-0.1.9/canary.egg-info
copying canary/build/__init__.py -> canary-0.1.9/canary/build
copying canary/build/advisories_events.py -> canary-0.1.9/canary/build
copying canary/build/features_bundle.py -> canary-0.1.9/canary/build
copying canary/build/monthly_features.py -> canary-0.1.9/canary/build
copying canary/build/monthly_labels.py -> canary-0.1.9/canary/build
copying canary/collectors/__init__.py -> canary-0.1.9/canary/collectors
copying canary/collectors/_path_utils.py -> canary-0.1.9/canary/collectors
copying canary/collectors/gharchive_history.py -> canary-0.1.9/canary/collectors
copying canary/collectors/github_plugin.py -> canary-0.1.9/canary/collectors
copying canary/collectors/github_repo.py -> canary-0.1.9/canary/collectors
copying canary/collectors/healthscore.py -> canary-0.1.9/canary/collectors
copying canary/collectors/jenkins_advisories.py -> canary-0.1.9/canary/collectors
copying canary/collectors/plugin_snapshot.py -> canary-0.1.9/canary/collectors
copying canary/collectors/plugins_registry.py -> canary-0.1.9/canary/collectors
copying canary/collectors/software_heritage.py -> canary-0.1.9/canary/collectors
copying canary/collectors/software_heritage_athena.py -> canary-0.1.9/canary/collectors
copying canary/collectors/software_heritage_backend.py -> canary-0.1.9/canary/collectors
copying canary/devtools/__init__.py -> canary-0.1.9/canary/devtools
copying canary/devtools/pip_audit_wrapper.py -> canary-0.1.9/canary/devtools
copying canary/scoring/__init__.py -> canary-0.1.9/canary/scoring
copying canary/scoring/baseline.py -> canary-0.1.9/canary/scoring
copying canary/scoring/ml.py -> canary-0.1.9/canary/scoring
copying canary/train/baseline.py -> canary-0.1.9/canary/train
copying canary/train/feature_selection.py -> canary-0.1.9/canary/train
copying canary/train/registry.py -> canary-0.1.9/canary/train
copying tests/test_build_advisories_events.py -> canary-0.1.9/tests
copying tests/test_build_advisories_events_extra.py -> canary-0.1.9/tests
copying tests/test_build_feature_bundle.py -> canary-0.1.9/tests
copying tests/test_build_monthly_feature_bundle.py -> canary-0.1.9/tests
copying tests/test_build_monthly_labels_extra.py -> canary-0.1.9/tests
copying tests/test_cli_helpers.py -> canary-0.1.9/tests
copying tests/test_collectors.py -> canary-0.1.9/tests
copying tests/test_features_bundle_helpers.py -> canary-0.1.9/tests
copying tests/test_gharchive_helpers.py -> canary-0.1.9/tests
copying tests/test_gharchive_history.py -> canary-0.1.9/tests
copying tests/test_github_plugin.py -> canary-0.1.9/tests
copying tests/test_github_repo.py -> canary-0.1.9/tests
copying tests/test_github_repo_extra.py -> canary-0.1.9/tests
copying tests/test_github_repo_helpers.py -> canary-0.1.9/tests
copying tests/test_healthscore.py -> canary-0.1.9/tests
copying tests/test_jenkins_advisories_helpers.py -> canary-0.1.9/tests
copying tests/test_jenkins_advisories_real.py -> canary-0.1.9/tests
copying tests/test_monthly_label.py -> canary-0.1.9/tests
copying tests/test_monthly_labels_extra.py -> canary-0.1.9/tests
copying tests/test_path_utils.py -> canary-0.1.9/tests
copying tests/test_pip_audit_wrapper.py -> canary-0.1.9/tests
copying tests/test_pip_audit_wrapper_extra.py -> canary-0.1.9/tests
copying tests/test_plugin_aliases.py -> canary-0.1.9/tests
copying tests/test_plugin_aliases_extra.py -> canary-0.1.9/tests
copying tests/test_plugin_snapshot.py -> canary-0.1.9/tests
copying tests/test_plugin_snapshot_extra.py -> canary-0.1.9/tests
copying tests/test_plugins_registry.py -> canary-0.1.9/tests
copying tests/test_plugins_registry_extra.py -> canary-0.1.9/tests
copying tests/test_scoring.py -> canary-0.1.9/tests
copying tests/test_scoring_baseline_extra.py -> canary-0.1.9/tests
copying tests/test_scoring_baseline_helpers.py -> canary-0.1.9/tests
copying tests/test_scoring_ml.py -> canary-0.1.9/tests
copying tests/test_smoke.py -> canary-0.1.9/tests
copying tests/test_software_heritage.py -> canary-0.1.9/tests
copying tests/test_software_heritage_athena.py -> canary-0.1.9/tests
copying tests/test_software_heritage_backend.py -> canary-0.1.9/tests
copying tests/test_train_baseline.py -> canary-0.1.9/tests
copying tests/test_train_registry.py -> canary-0.1.9/tests
copying tests/test_webapp.py -> canary-0.1.9/tests
copying tests/test_webapp_extra.py -> canary-0.1.9/tests
copying tests/test_webapp_helpers.py -> canary-0.1.9/tests
copying canary.egg-info/SOURCES.txt -> canary-0.1.9/canary.egg-info
Writing canary-0.1.9/setup.cfg
Creating tar archive
removing 'canary-0.1.9' (and everything under it)
* Building wheel from sdist
* Creating isolated environment: venv+pip...
* Installing packages in isolated environment:
  - setuptools>=69
  - wheel
* Getting build dependencies for wheel...
running egg_info
writing canary.egg-info/PKG-INFO
writing dependency_links to canary.egg-info/dependency_links.txt
writing entry points to canary.egg-info/entry_points.txt
writing requirements to canary.egg-info/requires.txt
writing top-level names to canary.egg-info/top_level.txt
reading manifest file 'canary.egg-info/SOURCES.txt'
adding license file 'LICENSE'
adding license file 'NOTICE'
writing manifest file 'canary.egg-info/SOURCES.txt'
* Building wheel...
running bdist_wheel
running build
running build_py
creating build/lib/canary
copying canary/plugin_aliases.py -> build/lib/canary
copying canary/cli.py -> build/lib/canary
copying canary/__init__.py -> build/lib/canary
copying canary/webapp.py -> build/lib/canary
creating build/lib/canary/build
copying canary/build/monthly_labels.py -> build/lib/canary/build
copying canary/build/__init__.py -> build/lib/canary/build
copying canary/build/monthly_features.py -> build/lib/canary/build
copying canary/build/features_bundle.py -> build/lib/canary/build
copying canary/build/advisories_events.py -> build/lib/canary/build
creating build/lib/canary/train
copying canary/train/baseline.py -> build/lib/canary/train
copying canary/train/registry.py -> build/lib/canary/train
copying canary/train/feature_selection.py -> build/lib/canary/train
creating build/lib/canary/devtools
copying canary/devtools/pip_audit_wrapper.py -> build/lib/canary/devtools
copying canary/devtools/__init__.py -> build/lib/canary/devtools
creating build/lib/canary/scoring
copying canary/scoring/baseline.py -> build/lib/canary/scoring
copying canary/scoring/ml.py -> build/lib/canary/scoring
copying canary/scoring/__init__.py -> build/lib/canary/scoring
creating build/lib/canary/collectors
copying canary/collectors/github_plugin.py -> build/lib/canary/collectors
copying canary/collectors/software_heritage.py -> build/lib/canary/collectors
copying canary/collectors/plugin_snapshot.py -> build/lib/canary/collectors
copying canary/collectors/healthscore.py -> build/lib/canary/collectors
copying canary/collectors/github_repo.py -> build/lib/canary/collectors
copying canary/collectors/jenkins_advisories.py -> build/lib/canary/collectors
copying canary/collectors/__init__.py -> build/lib/canary/collectors
copying canary/collectors/plugins_registry.py -> build/lib/canary/collectors
copying canary/collectors/_path_utils.py -> build/lib/canary/collectors
copying canary/collectors/gharchive_history.py -> build/lib/canary/collectors
copying canary/collectors/software_heritage_backend.py -> build/lib/canary/collectors
copying canary/collectors/software_heritage_athena.py -> build/lib/canary/collectors
running egg_info
writing canary.egg-info/PKG-INFO
writing dependency_links to canary.egg-info/dependency_links.txt
writing entry points to canary.egg-info/entry_points.txt
writing requirements to canary.egg-info/requires.txt
writing top-level names to canary.egg-info/top_level.txt
reading manifest file 'canary.egg-info/SOURCES.txt'
adding license file 'LICENSE'
adding license file 'NOTICE'
writing manifest file 'canary.egg-info/SOURCES.txt'
installing to build/bdist.linux-x86_64/wheel
running install
running install_lib
creating build/bdist.linux-x86_64/wheel
creating build/bdist.linux-x86_64/wheel/canary
creating build/bdist.linux-x86_64/wheel/canary/build
copying build/lib/canary/build/monthly_labels.py -> build/bdist.linux-x86_64/wheel/./canary/build
copying build/lib/canary/build/__init__.py -> build/bdist.linux-x86_64/wheel/./canary/build
copying build/lib/canary/build/monthly_features.py -> build/bdist.linux-x86_64/wheel/./canary/build
copying build/lib/canary/build/features_bundle.py -> build/bdist.linux-x86_64/wheel/./canary/build
copying build/lib/canary/build/advisories_events.py -> build/bdist.linux-x86_64/wheel/./canary/build
copying build/lib/canary/plugin_aliases.py -> build/bdist.linux-x86_64/wheel/./canary
creating build/bdist.linux-x86_64/wheel/canary/train
copying build/lib/canary/train/baseline.py -> build/bdist.linux-x86_64/wheel/./canary/train
copying build/lib/canary/train/registry.py -> build/bdist.linux-x86_64/wheel/./canary/train
copying build/lib/canary/train/feature_selection.py -> build/bdist.linux-x86_64/wheel/./canary/train
creating build/bdist.linux-x86_64/wheel/canary/devtools
copying build/lib/canary/devtools/pip_audit_wrapper.py -> build/bdist.linux-x86_64/wheel/./canary/devtools
copying build/lib/canary/devtools/__init__.py -> build/bdist.linux-x86_64/wheel/./canary/devtools
copying build/lib/canary/cli.py -> build/bdist.linux-x86_64/wheel/./canary
copying build/lib/canary/__init__.py -> build/bdist.linux-x86_64/wheel/./canary
creating build/bdist.linux-x86_64/wheel/canary/scoring
copying build/lib/canary/scoring/baseline.py -> build/bdist.linux-x86_64/wheel/./canary/scoring
copying build/lib/canary/scoring/ml.py -> build/bdist.linux-x86_64/wheel/./canary/scoring
copying build/lib/canary/scoring/__init__.py -> build/bdist.linux-x86_64/wheel/./canary/scoring
creating build/bdist.linux-x86_64/wheel/canary/collectors
copying build/lib/canary/collectors/github_plugin.py -> build/bdist.linux-x86_64/wheel/./canary/collectors
copying build/lib/canary/collectors/software_heritage.py -> build/bdist.linux-x86_64/wheel/./canary/collectors
copying build/lib/canary/collectors/plugin_snapshot.py -> build/bdist.linux-x86_64/wheel/./canary/collectors
copying build/lib/canary/collectors/healthscore.py -> build/bdist.linux-x86_64/wheel/./canary/collectors
copying build/lib/canary/collectors/github_repo.py -> build/bdist.linux-x86_64/wheel/./canary/collectors
copying build/lib/canary/collectors/jenkins_advisories.py -> build/bdist.linux-x86_64/wheel/./canary/collectors
copying build/lib/canary/collectors/__init__.py -> build/bdist.linux-x86_64/wheel/./canary/collectors
copying build/lib/canary/collectors/plugins_registry.py -> build/bdist.linux-x86_64/wheel/./canary/collectors
copying build/lib/canary/collectors/_path_utils.py -> build/bdist.linux-x86_64/wheel/./canary/collectors
copying build/lib/canary/collectors/gharchive_history.py -> build/bdist.linux-x86_64/wheel/./canary/collectors
copying build/lib/canary/collectors/software_heritage_backend.py -> build/bdist.linux-x86_64/wheel/./canary/collectors
copying build/lib/canary/collectors/software_heritage_athena.py -> build/bdist.linux-x86_64/wheel/./canary/collectors
copying build/lib/canary/webapp.py -> build/bdist.linux-x86_64/wheel/./canary
running install_egg_info
Copying canary.egg-info to build/bdist.linux-x86_64/wheel/./canary-0.1.9-py3.12.egg-info
running install_scripts
creating build/bdist.linux-x86_64/wheel/canary-0.1.9.dist-info/WHEEL
creating '/tmp/workspace/timmybx/canary/dist/.tmp-vm5ohcbc/canary-0.1.9-py3-none-any.whl' and adding 'build/bdist.linux-x86_64/wheel' to it
adding 'canary/__init__.py'
adding 'canary/cli.py'
adding 'canary/plugin_aliases.py'
adding 'canary/webapp.py'
adding 'canary/build/__init__.py'
adding 'canary/build/advisories_events.py'
adding 'canary/build/features_bundle.py'
adding 'canary/build/monthly_features.py'
adding 'canary/build/monthly_labels.py'
adding 'canary/collectors/__init__.py'
adding 'canary/collectors/_path_utils.py'
adding 'canary/collectors/gharchive_history.py'
adding 'canary/collectors/github_plugin.py'
adding 'canary/collectors/github_repo.py'
adding 'canary/collectors/healthscore.py'
adding 'canary/collectors/jenkins_advisories.py'
adding 'canary/collectors/plugin_snapshot.py'
adding 'canary/collectors/plugins_registry.py'
adding 'canary/collectors/software_heritage.py'
adding 'canary/collectors/software_heritage_athena.py'
adding 'canary/collectors/software_heritage_backend.py'
adding 'canary/devtools/__init__.py'
adding 'canary/devtools/pip_audit_wrapper.py'
adding 'canary/scoring/__init__.py'
adding 'canary/scoring/baseline.py'
adding 'canary/scoring/ml.py'
adding 'canary/train/baseline.py'
adding 'canary/train/feature_selection.py'
adding 'canary/train/registry.py'
adding 'canary-0.1.9.dist-info/licenses/LICENSE'
adding 'canary-0.1.9.dist-info/licenses/NOTICE'
adding 'canary-0.1.9.dist-info/METADATA'
adding 'canary-0.1.9.dist-info/WHEEL'
adding 'canary-0.1.9.dist-info/entry_points.txt'
adding 'canary-0.1.9.dist-info/top_level.txt'
adding 'canary-0.1.9.dist-info/RECORD'
removing build/bdist.linux-x86_64/wheel
Successfully built canary-0.1.9.tar.gz and canary-0.1.9-py3-none-any.whl
RESULTS ruff=0 format=0 pyright=1 bandit=0 pipaudit=1 pytest=2 build=0
